<?xml version="1.0" encoding="UTF-8"?>
<!-- Generated by org.testng.reporters.JUnitXMLReporter -->
<testsuite ignored="0" hostname="DESKTOP-S1MQ5B3" failures="0" tests="6" name="Test" time="57.779" errors="0" timestamp="2023-11-30T06:51:10 IST">
  <testcase classname="com.qa.TestScripts.TC_001_BasicControl" name="validateForm" time="2.764"/>
  <testcase classname="com.qa.TestScripts.TC_001_BasicControl" name="validateForm" time="1.935"/>
  <testcase classname="com.qa.TestScripts.TC_001_BasicControl" name="validateForm" time="2.203"/>
  <testcase classname="com.qa.TestScripts.TC_001_BasicControl" name="validateForm" time="2.758"/>
  <testcase classname="com.qa.TestScripts.TC_001_BasicControl" name="validateForm" time="2.011"/>
  <testcase classname="com.qa.TestScripts.TC_002_Dropdowns" name="validatedropdown" time="0.786"/>
</testsuite> <!-- Test -->
