<?xml version="1.0" encoding="UTF-8"?>
<!-- Generated by org.testng.reporters.JUnitXMLReporter -->
<testsuite ignored="0" hostname="DESKTOP-S1MQ5B3" failures="0" tests="6" name="Test" time="64.171" errors="0" timestamp="30 Nov 2023 01:23:05 GMT">
  <testcase classname="com.qa.TestScripts.TC_001_BasicControl" name="validateForm" time="2.087"/>
  <testcase classname="com.qa.TestScripts.TC_001_BasicControl" name="validateForm" time="2.326"/>
  <testcase classname="com.qa.TestScripts.TC_001_BasicControl" name="validateForm" time="2.464"/>
  <testcase classname="com.qa.TestScripts.TC_001_BasicControl" name="validateForm" time="2.412"/>
  <testcase classname="com.qa.TestScripts.TC_001_BasicControl" name="validateForm" time="1.898"/>
  <testcase classname="com.qa.TestScripts.TC_002_Dropdowns" name="validatedropdown" time="0.819"/>
</testsuite> <!-- Test -->
