<?xml version="1.0" encoding="UTF-8"?>
<testng-results ignored="0" total="6" passed="6" failed="0" skipped="0">
  <reporter-output>
  </reporter-output>
  <suite started-at="2023-11-30T06:50:12 IST" name="Suite" finished-at="2023-11-30T06:51:10 IST" duration-ms="57779">
    <groups>
    </groups>
    <test started-at="2023-11-30T06:50:12 IST" name="Test" finished-at="2023-11-30T06:51:10 IST" duration-ms="57779">
      <class name="com.qa.TestScripts.TC_002_Dropdowns">
        <test-method is-config="true" signature="launchBrowser()[pri:0, instance:com.qa.TestScripts.TC_002_Dropdowns@384ad17b]" started-at="2023-11-30T06:51:00 IST" name="launchBrowser" finished-at="2023-11-30T06:51:09 IST" duration-ms="8667" status="PASS">
          <reporter-output>
          </reporter-output>
        </test-method> <!-- launchBrowser -->
        <test-method signature="validatedropdown()[pri:0, instance:com.qa.TestScripts.TC_002_Dropdowns@384ad17b]" started-at="2023-11-30T06:51:09 IST" name="validatedropdown" finished-at="2023-11-30T06:51:09 IST" duration-ms="786" status="PASS">
          <reporter-output>
          </reporter-output>
        </test-method> <!-- validatedropdown -->
        <test-method is-config="true" signature="closeBrowser()[pri:0, instance:com.qa.TestScripts.TC_002_Dropdowns@384ad17b]" started-at="2023-11-30T06:51:09 IST" name="closeBrowser" finished-at="2023-11-30T06:51:10 IST" duration-ms="318" status="PASS">
          <reporter-output>
          </reporter-output>
        </test-method> <!-- closeBrowser -->
      </class> <!-- com.qa.TestScripts.TC_002_Dropdowns -->
      <class name="com.qa.TestScripts.TC_001_BasicControl">
        <test-method is-config="true" signature="launchBrowser()[pri:0, instance:com.qa.TestScripts.TC_001_BasicControl@1cbbffcd]" started-at="2023-11-30T06:50:13 IST" name="launchBrowser" finished-at="2023-11-30T06:50:20 IST" duration-ms="6373" status="PASS">
          <reporter-output>
          </reporter-output>
        </test-method> <!-- launchBrowser -->
        <test-method signature="validateForm(java.lang.String,java.lang.String,java.lang.String,java.lang.String)[pri:0, instance:com.qa.TestScripts.TC_001_BasicControl@1cbbffcd]" started-at="2023-11-30T06:50:20 IST" name="validateForm" data-provider="passDataFromExcel" finished-at="2023-11-30T06:50:22 IST" duration-ms="2764" status="PASS">
          <params>
            <param index="0">
              <value>
                <![CDATA[John]]>
              </value>
            </param>
            <param index="1">
              <value>
                <![CDATA[Peter]]>
              </value>
            </param>
            <param index="2">
              <value>
                <![CDATA[jp@test.com]]>
              </value>
            </param>
            <param index="3">
              <value>
                <![CDATA[john123]]>
              </value>
            </param>
          </params>
          <reporter-output>
          </reporter-output>
        </test-method> <!-- validateForm -->
        <test-method is-config="true" signature="closeBrowser()[pri:0, instance:com.qa.TestScripts.TC_001_BasicControl@1cbbffcd]" started-at="2023-11-30T06:50:23 IST" name="closeBrowser" finished-at="2023-11-30T06:50:23 IST" duration-ms="466" status="PASS">
          <reporter-output>
          </reporter-output>
        </test-method> <!-- closeBrowser -->
        <test-method is-config="true" signature="launchBrowser()[pri:0, instance:com.qa.TestScripts.TC_001_BasicControl@1cbbffcd]" started-at="2023-11-30T06:50:23 IST" name="launchBrowser" finished-at="2023-11-30T06:50:30 IST" duration-ms="7505" status="PASS">
          <reporter-output>
          </reporter-output>
        </test-method> <!-- launchBrowser -->
        <test-method signature="validateForm(java.lang.String,java.lang.String,java.lang.String,java.lang.String)[pri:0, instance:com.qa.TestScripts.TC_001_BasicControl@1cbbffcd]" started-at="2023-11-30T06:50:30 IST" name="validateForm" data-provider="passDataFromExcel" finished-at="2023-11-30T06:50:32 IST" duration-ms="1935" status="PASS">
          <params>
            <param index="0">
              <value>
                <![CDATA[Sam]]>
              </value>
            </param>
            <param index="1">
              <value>
                <![CDATA[Son]]>
              </value>
            </param>
            <param index="2">
              <value>
                <![CDATA[ss@test.com]]>
              </value>
            </param>
            <param index="3">
              <value>
                <![CDATA[ss123]]>
              </value>
            </param>
          </params>
          <reporter-output>
          </reporter-output>
        </test-method> <!-- validateForm -->
        <test-method is-config="true" signature="closeBrowser()[pri:0, instance:com.qa.TestScripts.TC_001_BasicControl@1cbbffcd]" started-at="2023-11-30T06:50:32 IST" name="closeBrowser" finished-at="2023-11-30T06:50:33 IST" duration-ms="264" status="PASS">
          <reporter-output>
          </reporter-output>
        </test-method> <!-- closeBrowser -->
        <test-method is-config="true" signature="launchBrowser()[pri:0, instance:com.qa.TestScripts.TC_001_BasicControl@1cbbffcd]" started-at="2023-11-30T06:50:33 IST" name="launchBrowser" finished-at="2023-11-30T06:50:39 IST" duration-ms="6213" status="PASS">
          <reporter-output>
          </reporter-output>
        </test-method> <!-- launchBrowser -->
        <test-method signature="validateForm(java.lang.String,java.lang.String,java.lang.String,java.lang.String)[pri:0, instance:com.qa.TestScripts.TC_001_BasicControl@1cbbffcd]" started-at="2023-11-30T06:50:39 IST" name="validateForm" data-provider="passDataFromExcel" finished-at="2023-11-30T06:50:41 IST" duration-ms="2203" status="PASS">
          <params>
            <param index="0">
              <value>
                <![CDATA[Jack]]>
              </value>
            </param>
            <param index="1">
              <value>
                <![CDATA[Jill]]>
              </value>
            </param>
            <param index="2">
              <value>
                <![CDATA[jj@test.com]]>
              </value>
            </param>
            <param index="3">
              <value>
                <![CDATA[jj123]]>
              </value>
            </param>
          </params>
          <reporter-output>
          </reporter-output>
        </test-method> <!-- validateForm -->
        <test-method is-config="true" signature="closeBrowser()[pri:0, instance:com.qa.TestScripts.TC_001_BasicControl@1cbbffcd]" started-at="2023-11-30T06:50:41 IST" name="closeBrowser" finished-at="2023-11-30T06:50:41 IST" duration-ms="261" status="PASS">
          <reporter-output>
          </reporter-output>
        </test-method> <!-- closeBrowser -->
        <test-method is-config="true" signature="launchBrowser()[pri:0, instance:com.qa.TestScripts.TC_001_BasicControl@1cbbffcd]" started-at="2023-11-30T06:50:41 IST" name="launchBrowser" finished-at="2023-11-30T06:50:49 IST" duration-ms="7147" status="PASS">
          <reporter-output>
          </reporter-output>
        </test-method> <!-- launchBrowser -->
        <test-method signature="validateForm(java.lang.String,java.lang.String,java.lang.String,java.lang.String)[pri:0, instance:com.qa.TestScripts.TC_001_BasicControl@1cbbffcd]" started-at="2023-11-30T06:50:49 IST" name="validateForm" data-provider="passDataFromExcel" finished-at="2023-11-30T06:50:51 IST" duration-ms="2758" status="PASS">
          <params>
            <param index="0">
              <value>
                <![CDATA[Jim]]>
              </value>
            </param>
            <param index="1">
              <value>
                <![CDATA[Tom]]>
              </value>
            </param>
            <param index="2">
              <value>
                <![CDATA[jt@test.com]]>
              </value>
            </param>
            <param index="3">
              <value>
                <![CDATA[jt123]]>
              </value>
            </param>
          </params>
          <reporter-output>
          </reporter-output>
        </test-method> <!-- validateForm -->
        <test-method is-config="true" signature="closeBrowser()[pri:0, instance:com.qa.TestScripts.TC_001_BasicControl@1cbbffcd]" started-at="2023-11-30T06:50:51 IST" name="closeBrowser" finished-at="2023-11-30T06:50:52 IST" duration-ms="298" status="PASS">
          <reporter-output>
          </reporter-output>
        </test-method> <!-- closeBrowser -->
        <test-method is-config="true" signature="launchBrowser()[pri:0, instance:com.qa.TestScripts.TC_001_BasicControl@1cbbffcd]" started-at="2023-11-30T06:50:52 IST" name="launchBrowser" finished-at="2023-11-30T06:50:58 IST" duration-ms="6110" status="PASS">
          <reporter-output>
          </reporter-output>
        </test-method> <!-- launchBrowser -->
        <test-method signature="validateForm(java.lang.String,java.lang.String,java.lang.String,java.lang.String)[pri:0, instance:com.qa.TestScripts.TC_001_BasicControl@1cbbffcd]" started-at="2023-11-30T06:50:58 IST" name="validateForm" data-provider="passDataFromExcel" finished-at="2023-11-30T06:51:00 IST" duration-ms="2011" status="PASS">
          <params>
            <param index="0">
              <value>
                <![CDATA[admin]]>
              </value>
            </param>
            <param index="1">
              <value>
                <![CDATA[test]]>
              </value>
            </param>
            <param index="2">
              <value>
                <![CDATA[at@test.com]]>
              </value>
            </param>
            <param index="3">
              <value>
                <![CDATA[at123]]>
              </value>
            </param>
          </params>
          <reporter-output>
          </reporter-output>
        </test-method> <!-- validateForm -->
        <test-method is-config="true" signature="closeBrowser()[pri:0, instance:com.qa.TestScripts.TC_001_BasicControl@1cbbffcd]" started-at="2023-11-30T06:51:00 IST" name="closeBrowser" finished-at="2023-11-30T06:51:00 IST" duration-ms="286" status="PASS">
          <reporter-output>
          </reporter-output>
        </test-method> <!-- closeBrowser -->
      </class> <!-- com.qa.TestScripts.TC_001_BasicControl -->
    </test> <!-- Test -->
  </suite> <!-- Suite -->
</testng-results>
