<?xml version="1.0" encoding="UTF-8"?>
<!-- Generated by org.testng.reporters.JUnitXMLReporter -->
<testsuite ignored="0" hostname="DESKTOP-S1MQ5B3" failures="0" tests="5" name="Default test" time="45.49" errors="0" timestamp="2023-11-29T06:44:30 IST">
  <testcase classname="com.qa.TestScripts.TC_001_BasicControl" name="validateForm" time="2.075"/>
  <testcase classname="com.qa.TestScripts.TC_001_BasicControl" name="validateForm" time="2.735"/>
  <testcase classname="com.qa.TestScripts.TC_001_BasicControl" name="validateForm" time="2.748"/>
  <testcase classname="com.qa.TestScripts.TC_001_BasicControl" name="validateForm" time="2.16"/>
  <testcase classname="com.qa.TestScripts.TC_001_BasicControl" name="validateForm" time="2.664"/>
</testsuite> <!-- Default test -->
